G:\projects\ContactBook\clientapp\src\app.types.js
G:\projects\ContactBook\clientapp\src\app.types.js.map
G:\projects\ContactBook\clientapp\src\data.service.js
G:\projects\ContactBook\clientapp\src\data.service.js.map
G:\projects\ContactBook\clientapp\src\components\table.component.js
G:\projects\ContactBook\clientapp\src\components\table.component.js.map
G:\projects\ContactBook\clientapp\src\components\app.component.js
G:\projects\ContactBook\clientapp\src\components\app.component.js.map
G:\projects\ContactBook\clientapp\src\components\changeContact.component.js
G:\projects\ContactBook\clientapp\src\components\changeContact.component.js.map
G:\projects\ContactBook\clientapp\src\components\changeTelephones.component.js
G:\projects\ContactBook\clientapp\src\components\changeTelephones.component.js.map
G:\projects\ContactBook\clientapp\src\components\addContact.component.js
G:\projects\ContactBook\clientapp\src\components\addContact.component.js.map
G:\projects\ContactBook\clientapp\src\components\addTelephone.component.js
G:\projects\ContactBook\clientapp\src\components\addTelephone.component.js.map
G:\projects\ContactBook\clientapp\src\app.module.js
G:\projects\ContactBook\clientapp\src\app.module.js.map
G:\projects\ContactBook\clientapp\src\main.js
G:\projects\ContactBook\clientapp\src\main.js.map
G:\projects\ContactBook\clientapp\src\polyfills.js
G:\projects\ContactBook\clientapp\src\polyfills.js.map
